<?xml version="1.0" encoding="UTF-8"?>
<!-- Generated by org.testng.reporters.JUnitXMLReporter -->
<testsuite ignored="0" hostname="iunas-MacBook-Air.local" failures="8" tests="8" name="Command line test" time="0.159" errors="0" timestamp="2023-11-05T22:38:54 GET">
  <testcase classname="com.koroyan.restassuredexample.ApiTest" name="addIntegerStringTest" time="0.101">
    <failure type="java.lang.ExceptionInInitializerError">
      <![CDATA[java.lang.ExceptionInInitializerError
at io.restassured.authentication.NoAuthScheme.$getStaticMetaClass(NoAuthScheme.groovy)
at io.restassured.authentication.NoAuthScheme.<init>(NoAuthScheme.groovy)
at io.restassured.RestAssured.<clinit>(RestAssured.java:355)
at com.koroyan.restassuredexample.steps.Step.addIntegerString(Step.java:75)
at com.koroyan.restassuredexample.ApiTest.addIntegerStringTest(ApiTest.java:37)
at java.base/java.util.ArrayList.forEach(ArrayList.java:1511)
Caused by: groovy.lang.GroovyRuntimeException: Conflicting module versions. Module [groovy-xml is loaded in version 3.0.9 and you are trying to load version 4.0.15
at org.codehaus.groovy.runtime.metaclass.MetaClassRegistryImpl$DefaultModuleListener.onModule(MetaClassRegistryImpl.java:510)
at org.codehaus.groovy.runtime.m12n.ExtensionModuleScanner.scanExtensionModuleFromProperties(ExtensionModuleScanner.java:87)
at org.codehaus.groovy.runtime.m12n.ExtensionModuleScanner.scanExtensionModuleFromMetaInf(ExtensionModuleScanner.java:81)
at org.codehaus.groovy.runtime.m12n.ExtensionModuleScanner.scanClasspathModulesFrom(ExtensionModuleScanner.java:63)
at org.codehaus.groovy.runtime.m12n.ExtensionModuleScanner.scanClasspathModules(ExtensionModuleScanner.java:54)
at org.codehaus.groovy.runtime.metaclass.MetaClassRegistryImpl.<init>(MetaClassRegistryImpl.java:125)
at org.codehaus.groovy.runtime.metaclass.MetaClassRegistryImpl.<init>(MetaClassRegistryImpl.java:86)
at groovy.lang.GroovySystem.<clinit>(GroovySystem.java:37)
... 42 more
... Removed 36 stack frames]]>
    </failure>
  </testcase> <!-- addIntegerStringTest -->
  <testcase classname="com.koroyan.restassuredexample.ApiTest" name="addIntegerStringTest" time="0.0">
    <failure type="java.lang.NoClassDefFoundError" message="Could not initialize class io.restassured.RestAssured">
      <![CDATA[java.lang.NoClassDefFoundError: Could not initialize class io.restassured.RestAssured
at com.koroyan.restassuredexample.steps.Step.addIntegerString(Step.java:75)
at com.koroyan.restassuredexample.ApiTest.addIntegerStringTest(ApiTest.java:37)
at java.base/java.util.ArrayList.forEach(ArrayList.java:1511)
Caused by: java.lang.ExceptionInInitializerError: Exception java.lang.ExceptionInInitializerError [in thread "main"]
at io.restassured.authentication.NoAuthScheme.$getStaticMetaClass(NoAuthScheme.groovy)
at io.restassured.authentication.NoAuthScheme.<init>(NoAuthScheme.groovy)
at io.restassured.RestAssured.<clinit>(RestAssured.java:355)
... 36 more
... Removed 36 stack frames]]>
    </failure>
  </testcase> <!-- addIntegerStringTest -->
  <testcase classname="com.koroyan.restassuredexample.ApiTest" name="addIntegerTest" time="0.001">
    <failure type="java.lang.NoClassDefFoundError" message="Could not initialize class io.restassured.RestAssured">
      <![CDATA[java.lang.NoClassDefFoundError: Could not initialize class io.restassured.RestAssured
at com.koroyan.restassuredexample.steps.Step.addInteger(Step.java:38)
at com.koroyan.restassuredexample.ApiTest.addIntegerTest(ApiTest.java:25)
at java.base/java.util.ArrayList.forEach(ArrayList.java:1511)
Caused by: java.lang.ExceptionInInitializerError: Exception java.lang.ExceptionInInitializerError [in thread "main"]
at io.restassured.authentication.NoAuthScheme.$getStaticMetaClass(NoAuthScheme.groovy)
at io.restassured.authentication.NoAuthScheme.<init>(NoAuthScheme.groovy)
at io.restassured.RestAssured.<clinit>(RestAssured.java:355)
at com.koroyan.restassuredexample.steps.Step.addIntegerString(Step.java:75)
at com.koroyan.restassuredexample.ApiTest.addIntegerStringTest(ApiTest.java:37)
... 34 more
... Removed 36 stack frames]]>
    </failure>
  </testcase> <!-- addIntegerTest -->
  <testcase classname="com.koroyan.restassuredexample.ApiTest" name="addIntegerTest" time="0.0">
    <failure type="java.lang.NoClassDefFoundError" message="Could not initialize class io.restassured.RestAssured">
      <![CDATA[java.lang.NoClassDefFoundError: Could not initialize class io.restassured.RestAssured
at com.koroyan.restassuredexample.steps.Step.addInteger(Step.java:38)
at com.koroyan.restassuredexample.ApiTest.addIntegerTest(ApiTest.java:25)
at java.base/java.util.ArrayList.forEach(ArrayList.java:1511)
Caused by: java.lang.ExceptionInInitializerError: Exception java.lang.ExceptionInInitializerError [in thread "main"]
at io.restassured.authentication.NoAuthScheme.$getStaticMetaClass(NoAuthScheme.groovy)
at io.restassured.authentication.NoAuthScheme.<init>(NoAuthScheme.groovy)
at io.restassured.RestAssured.<clinit>(RestAssured.java:355)
at com.koroyan.restassuredexample.steps.Step.addIntegerString(Step.java:75)
at com.koroyan.restassuredexample.ApiTest.addIntegerStringTest(ApiTest.java:37)
... 34 more
... Removed 36 stack frames]]>
    </failure>
  </testcase> <!-- addIntegerTest -->
  <testcase classname="com.koroyan.restassuredexample.ApiTest" name="addIntegerXmlTest" time="0.034">
    <failure type="java.lang.NoClassDefFoundError" message="Could not initialize class io.restassured.RestAssured">
      <![CDATA[java.lang.NoClassDefFoundError: Could not initialize class io.restassured.RestAssured
at com.koroyan.restassuredexample.steps.Step.addIntegerXml(Step.java:59)
at com.koroyan.restassuredexample.ApiTest.addIntegerXmlTest(ApiTest.java:31)
at java.base/java.util.ArrayList.forEach(ArrayList.java:1511)
Caused by: java.lang.ExceptionInInitializerError: Exception java.lang.ExceptionInInitializerError [in thread "main"]
at io.restassured.authentication.NoAuthScheme.$getStaticMetaClass(NoAuthScheme.groovy)
at io.restassured.authentication.NoAuthScheme.<init>(NoAuthScheme.groovy)
at io.restassured.RestAssured.<clinit>(RestAssured.java:355)
at com.koroyan.restassuredexample.steps.Step.addIntegerString(Step.java:75)
at com.koroyan.restassuredexample.ApiTest.addIntegerStringTest(ApiTest.java:37)
... 34 more
... Removed 36 stack frames]]>
    </failure>
  </testcase> <!-- addIntegerXmlTest -->
  <testcase classname="com.koroyan.restassuredexample.ApiTest" name="addIntegerXmlTest" time="0.002">
    <failure type="java.lang.NoClassDefFoundError" message="Could not initialize class io.restassured.RestAssured">
      <![CDATA[java.lang.NoClassDefFoundError: Could not initialize class io.restassured.RestAssured
at com.koroyan.restassuredexample.steps.Step.addIntegerXml(Step.java:59)
at com.koroyan.restassuredexample.ApiTest.addIntegerXmlTest(ApiTest.java:31)
at java.base/java.util.ArrayList.forEach(ArrayList.java:1511)
Caused by: java.lang.ExceptionInInitializerError: Exception java.lang.ExceptionInInitializerError [in thread "main"]
at io.restassured.authentication.NoAuthScheme.$getStaticMetaClass(NoAuthScheme.groovy)
at io.restassured.authentication.NoAuthScheme.<init>(NoAuthScheme.groovy)
at io.restassured.RestAssured.<clinit>(RestAssured.java:355)
at com.koroyan.restassuredexample.steps.Step.addIntegerString(Step.java:75)
at com.koroyan.restassuredexample.ApiTest.addIntegerStringTest(ApiTest.java:37)
... 34 more
... Removed 36 stack frames]]>
    </failure>
  </testcase> <!-- addIntegerXmlTest -->
  <testcase classname="com.koroyan.restassuredexample.ApiTest" name="findPersonTest" time="0.0">
    <failure type="java.lang.NoClassDefFoundError" message="Could not initialize class io.restassured.RestAssured">
      <![CDATA[java.lang.NoClassDefFoundError: Could not initialize class io.restassured.RestAssured
at com.koroyan.restassuredexample.steps.Step.findPerson(Step.java:93)
at com.koroyan.restassuredexample.ApiTest.findPersonTest(ApiTest.java:44)
at java.base/java.util.ArrayList.forEach(ArrayList.java:1511)
Caused by: java.lang.ExceptionInInitializerError: Exception java.lang.ExceptionInInitializerError [in thread "main"]
at io.restassured.authentication.NoAuthScheme.$getStaticMetaClass(NoAuthScheme.groovy)
at io.restassured.authentication.NoAuthScheme.<init>(NoAuthScheme.groovy)
at io.restassured.RestAssured.<clinit>(RestAssured.java:355)
at com.koroyan.restassuredexample.steps.Step.addIntegerString(Step.java:75)
at com.koroyan.restassuredexample.ApiTest.addIntegerStringTest(ApiTest.java:37)
... 34 more
... Removed 36 stack frames]]>
    </failure>
  </testcase> <!-- findPersonTest -->
  <testcase classname="com.koroyan.restassuredexample.ListByNameTest" name="testPersonListByName" time="0.001">
    <failure type="java.lang.NoClassDefFoundError" message="Could not initialize class io.restassured.RestAssured">
      <![CDATA[java.lang.NoClassDefFoundError: Could not initialize class io.restassured.RestAssured
at com.koroyan.restassuredexample.steps.Step.getListByName(Step.java:111)
at com.koroyan.restassuredexample.ListByNameTest.testPersonListByName(ListByNameTest.java:30)
at java.base/java.util.ArrayList.forEach(ArrayList.java:1511)
Caused by: java.lang.ExceptionInInitializerError: Exception java.lang.ExceptionInInitializerError [in thread "main"]
at io.restassured.authentication.NoAuthScheme.$getStaticMetaClass(NoAuthScheme.groovy)
at io.restassured.authentication.NoAuthScheme.<init>(NoAuthScheme.groovy)
at io.restassured.RestAssured.<clinit>(RestAssured.java:355)
at com.koroyan.restassuredexample.steps.Step.addIntegerString(Step.java:75)
at com.koroyan.restassuredexample.ApiTest.addIntegerStringTest(ApiTest.java:37)
... 34 more
... Removed 36 stack frames]]>
    </failure>
  </testcase> <!-- testPersonListByName -->
</testsuite> <!-- Command line test -->
