<?xml version="1.0" encoding="UTF-8" ?>
<testsuite tests="8" failures="8" name="TestSuite" time="0.142" errors="0" skipped="0">
  <properties>
[...]
</properties>
  <testcase classname="com.koroyan.restassuredexample.ApiTest" name="addIntegerStringTest" time="0.103">
    <failure type="java.lang.ExceptionInInitializerError">java.lang.ExceptionInInitializerError
	at org.codehaus.groovy.reflection.ClassInfo.isValidWeakMetaClass(ClassInfo.java:284)
	at org.codehaus.groovy.reflection.ClassInfo.getMetaClassForClass(ClassInfo.java:254)
	at org.codehaus.groovy.reflection.ClassInfo.getMetaClass(ClassInfo.java:310)
	at io.restassured.authentication.NoAuthScheme.$getStaticMetaClass(NoAuthScheme.groovy)
	at io.restassured.authentication.NoAuthScheme.&lt;init&gt;(NoAuthScheme.groovy)
	at io.restassured.RestAssured.&lt;clinit&gt;(RestAssured.java:355)
	at com.koroyan.restassuredexample.steps.Step.addIntegerString(Step.java:75)
	at com.koroyan.restassuredexample.ApiTest.addIntegerStringTest(ApiTest.java:37)
Caused by: groovy.lang.GroovyRuntimeException: Conflicting module versions. Module [groovy-xml is loaded in version 3.0.9 and you are trying to load version 4.0.15
	at org.codehaus.groovy.runtime.metaclass.MetaClassRegistryImpl$DefaultModuleListener.onModule(MetaClassRegistryImpl.java:510)
	at org.codehaus.groovy.runtime.m12n.ExtensionModuleScanner.scanExtensionModuleFromProperties(ExtensionModuleScanner.java:87)
	at org.codehaus.groovy.runtime.m12n.ExtensionModuleScanner.scanExtensionModuleFromMetaInf(ExtensionModuleScanner.java:81)
	at org.codehaus.groovy.runtime.m12n.ExtensionModuleScanner.scanClasspathModulesFrom(ExtensionModuleScanner.java:63)
	at org.codehaus.groovy.runtime.m12n.ExtensionModuleScanner.scanClasspathModules(ExtensionModuleScanner.java:54)
	at org.codehaus.groovy.runtime.metaclass.MetaClassRegistryImpl.&lt;init&gt;(MetaClassRegistryImpl.java:125)
	at org.codehaus.groovy.runtime.metaclass.MetaClassRegistryImpl.&lt;init&gt;(MetaClassRegistryImpl.java:86)
	at groovy.lang.GroovySystem.&lt;clinit&gt;(GroovySystem.java:37)
	... 42 more
</failure>
    <system-out>Configuring TestNG with: org.apache.maven.surefire.testng.conf.TestNG652Configurator@7d417077
</system-out>
    <system-err>SLF4J: Failed to load class &quot;org.slf4j.impl.StaticLoggerBinder&quot;.
SLF4J: Defaulting to no-operation (NOP) logger implementation
SLF4J: See http://www.slf4j.org/codes.html#StaticLoggerBinder for further details.
</system-err>
  </testcase>
  <testcase classname="com.koroyan.restassuredexample.ApiTest" name="addIntegerStringTest" time="0">
    <failure message="Could not initialize class io.restassured.RestAssured" type="java.lang.NoClassDefFoundError">java.lang.NoClassDefFoundError: Could not initialize class io.restassured.RestAssured
	at com.koroyan.restassuredexample.steps.Step.addIntegerString(Step.java:75)
	at com.koroyan.restassuredexample.ApiTest.addIntegerStringTest(ApiTest.java:37)
Caused by: java.lang.ExceptionInInitializerError: Exception java.lang.ExceptionInInitializerError [in thread &quot;main&quot;]
	at org.codehaus.groovy.reflection.ClassInfo.isValidWeakMetaClass(ClassInfo.java:284)
	at org.codehaus.groovy.reflection.ClassInfo.getMetaClassForClass(ClassInfo.java:254)
	at org.codehaus.groovy.reflection.ClassInfo.getMetaClass(ClassInfo.java:310)
	at io.restassured.authentication.NoAuthScheme.$getStaticMetaClass(NoAuthScheme.groovy)
	at io.restassured.authentication.NoAuthScheme.&lt;init&gt;(NoAuthScheme.groovy)
	at io.restassured.RestAssured.&lt;clinit&gt;(RestAssured.java:355)
	... 36 more
</failure>
  </testcase>
  <testcase classname="com.koroyan.restassuredexample.ApiTest" name="addIntegerTest" time="0.001">
    <failure message="Could not initialize class io.restassured.RestAssured" type="java.lang.NoClassDefFoundError">java.lang.NoClassDefFoundError: Could not initialize class io.restassured.RestAssured
	at com.koroyan.restassuredexample.steps.Step.addInteger(Step.java:38)
	at com.koroyan.restassuredexample.ApiTest.addIntegerTest(ApiTest.java:25)
Caused by: java.lang.ExceptionInInitializerError: Exception java.lang.ExceptionInInitializerError [in thread &quot;main&quot;]
	at org.codehaus.groovy.reflection.ClassInfo.isValidWeakMetaClass(ClassInfo.java:284)
	at org.codehaus.groovy.reflection.ClassInfo.getMetaClassForClass(ClassInfo.java:254)
	at org.codehaus.groovy.reflection.ClassInfo.getMetaClass(ClassInfo.java:310)
	at io.restassured.authentication.NoAuthScheme.$getStaticMetaClass(NoAuthScheme.groovy)
	at io.restassured.authentication.NoAuthScheme.&lt;init&gt;(NoAuthScheme.groovy)
	at io.restassured.RestAssured.&lt;clinit&gt;(RestAssured.java:355)
	at com.koroyan.restassuredexample.steps.Step.addIntegerString(Step.java:75)
	at com.koroyan.restassuredexample.ApiTest.addIntegerStringTest(ApiTest.java:37)
	... 34 more
</failure>
  </testcase>
  <testcase classname="com.koroyan.restassuredexample.ApiTest" name="addIntegerTest" time="0.001">
    <failure message="Could not initialize class io.restassured.RestAssured" type="java.lang.NoClassDefFoundError">java.lang.NoClassDefFoundError: Could not initialize class io.restassured.RestAssured
	at com.koroyan.restassuredexample.steps.Step.addInteger(Step.java:38)
	at com.koroyan.restassuredexample.ApiTest.addIntegerTest(ApiTest.java:25)
Caused by: java.lang.ExceptionInInitializerError: Exception java.lang.ExceptionInInitializerError [in thread &quot;main&quot;]
	at org.codehaus.groovy.reflection.ClassInfo.isValidWeakMetaClass(ClassInfo.java:284)
	at org.codehaus.groovy.reflection.ClassInfo.getMetaClassForClass(ClassInfo.java:254)
	at org.codehaus.groovy.reflection.ClassInfo.getMetaClass(ClassInfo.java:310)
	at io.restassured.authentication.NoAuthScheme.$getStaticMetaClass(NoAuthScheme.groovy)
	at io.restassured.authentication.NoAuthScheme.&lt;init&gt;(NoAuthScheme.groovy)
	at io.restassured.RestAssured.&lt;clinit&gt;(RestAssured.java:355)
	at com.koroyan.restassuredexample.steps.Step.addIntegerString(Step.java:75)
	at com.koroyan.restassuredexample.ApiTest.addIntegerStringTest(ApiTest.java:37)
	... 34 more
</failure>
  </testcase>
  <testcase classname="com.koroyan.restassuredexample.ApiTest" name="addIntegerXmlTest" time="0.034">
    <failure message="Could not initialize class io.restassured.RestAssured" type="java.lang.NoClassDefFoundError">java.lang.NoClassDefFoundError: Could not initialize class io.restassured.RestAssured
	at com.koroyan.restassuredexample.steps.Step.addIntegerXml(Step.java:59)
	at com.koroyan.restassuredexample.ApiTest.addIntegerXmlTest(ApiTest.java:31)
Caused by: java.lang.ExceptionInInitializerError: Exception java.lang.ExceptionInInitializerError [in thread &quot;main&quot;]
	at org.codehaus.groovy.reflection.ClassInfo.isValidWeakMetaClass(ClassInfo.java:284)
	at org.codehaus.groovy.reflection.ClassInfo.getMetaClassForClass(ClassInfo.java:254)
	at org.codehaus.groovy.reflection.ClassInfo.getMetaClass(ClassInfo.java:310)
	at io.restassured.authentication.NoAuthScheme.$getStaticMetaClass(NoAuthScheme.groovy)
	at io.restassured.authentication.NoAuthScheme.&lt;init&gt;(NoAuthScheme.groovy)
	at io.restassured.RestAssured.&lt;clinit&gt;(RestAssured.java:355)
	at com.koroyan.restassuredexample.steps.Step.addIntegerString(Step.java:75)
	at com.koroyan.restassuredexample.ApiTest.addIntegerStringTest(ApiTest.java:37)
	... 34 more
</failure>
  </testcase>
  <testcase classname="com.koroyan.restassuredexample.ApiTest" name="addIntegerXmlTest" time="0.002">
    <failure message="Could not initialize class io.restassured.RestAssured" type="java.lang.NoClassDefFoundError">java.lang.NoClassDefFoundError: Could not initialize class io.restassured.RestAssured
	at com.koroyan.restassuredexample.steps.Step.addIntegerXml(Step.java:59)
	at com.koroyan.restassuredexample.ApiTest.addIntegerXmlTest(ApiTest.java:31)
Caused by: java.lang.ExceptionInInitializerError: Exception java.lang.ExceptionInInitializerError [in thread &quot;main&quot;]
	at org.codehaus.groovy.reflection.ClassInfo.isValidWeakMetaClass(ClassInfo.java:284)
	at org.codehaus.groovy.reflection.ClassInfo.getMetaClassForClass(ClassInfo.java:254)
	at org.codehaus.groovy.reflection.ClassInfo.getMetaClass(ClassInfo.java:310)
	at io.restassured.authentication.NoAuthScheme.$getStaticMetaClass(NoAuthScheme.groovy)
	at io.restassured.authentication.NoAuthScheme.&lt;init&gt;(NoAuthScheme.groovy)
	at io.restassured.RestAssured.&lt;clinit&gt;(RestAssured.java:355)
	at com.koroyan.restassuredexample.steps.Step.addIntegerString(Step.java:75)
	at com.koroyan.restassuredexample.ApiTest.addIntegerStringTest(ApiTest.java:37)
	... 34 more
</failure>
  </testcase>
  <testcase classname="com.koroyan.restassuredexample.ApiTest" name="findPersonTest" time="0.001">
    <failure message="Could not initialize class io.restassured.RestAssured" type="java.lang.NoClassDefFoundError">java.lang.NoClassDefFoundError: Could not initialize class io.restassured.RestAssured
	at com.koroyan.restassuredexample.steps.Step.findPerson(Step.java:93)
	at com.koroyan.restassuredexample.ApiTest.findPersonTest(ApiTest.java:44)
Caused by: java.lang.ExceptionInInitializerError: Exception java.lang.ExceptionInInitializerError [in thread &quot;main&quot;]
	at org.codehaus.groovy.reflection.ClassInfo.isValidWeakMetaClass(ClassInfo.java:284)
	at org.codehaus.groovy.reflection.ClassInfo.getMetaClassForClass(ClassInfo.java:254)
	at org.codehaus.groovy.reflection.ClassInfo.getMetaClass(ClassInfo.java:310)
	at io.restassured.authentication.NoAuthScheme.$getStaticMetaClass(NoAuthScheme.groovy)
	at io.restassured.authentication.NoAuthScheme.&lt;init&gt;(NoAuthScheme.groovy)
	at io.restassured.RestAssured.&lt;clinit&gt;(RestAssured.java:355)
	at com.koroyan.restassuredexample.steps.Step.addIntegerString(Step.java:75)
	at com.koroyan.restassuredexample.ApiTest.addIntegerStringTest(ApiTest.java:37)
	... 34 more
</failure>
  </testcase>
  <testcase classname="com.koroyan.restassuredexample.ListByNameTest" name="testPersonListByName" time="0">
    <failure message="Could not initialize class io.restassured.RestAssured" type="java.lang.NoClassDefFoundError">java.lang.NoClassDefFoundError: Could not initialize class io.restassured.RestAssured
	at com.koroyan.restassuredexample.steps.Step.getListByName(Step.java:111)
	at com.koroyan.restassuredexample.ListByNameTest.testPersonListByName(ListByNameTest.java:30)
Caused by: java.lang.ExceptionInInitializerError: Exception java.lang.ExceptionInInitializerError [in thread &quot;main&quot;]
	at org.codehaus.groovy.reflection.ClassInfo.isValidWeakMetaClass(ClassInfo.java:284)
	at org.codehaus.groovy.reflection.ClassInfo.getMetaClassForClass(ClassInfo.java:254)
	at org.codehaus.groovy.reflection.ClassInfo.getMetaClass(ClassInfo.java:310)
	at io.restassured.authentication.NoAuthScheme.$getStaticMetaClass(NoAuthScheme.groovy)
	at io.restassured.authentication.NoAuthScheme.&lt;init&gt;(NoAuthScheme.groovy)
	at io.restassured.RestAssured.&lt;clinit&gt;(RestAssured.java:355)
	at com.koroyan.restassuredexample.steps.Step.addIntegerString(Step.java:75)
	at com.koroyan.restassuredexample.ApiTest.addIntegerStringTest(ApiTest.java:37)
	... 34 more
</failure>
  </testcase>
</testsuite>